<?xml version="1.0" encoding="UTF-8"?>
<!-- Generated by org.testng.reporters.JUnitReportReporter -->
<testsuite hostname="LAPTOP-28JUCBPA" failures="0" tests="3" name="com.srm.tests.CartTest" time="18.496" errors="0" timestamp="2026-04-28T21:23:24 IST" skipped="0">
  <testcase classname="com.srm.tests.CartTest" name="addToCartTest" time="4.993"/>
  <testcase classname="com.srm.tests.CartTest" name="updateCartTest" time="5.982"/>
  <testcase classname="com.srm.tests.CartTest" name="removeCartTest" time="7.521"/>
</testsuite> <!-- com.srm.tests.CartTest -->
