<?xml version="1.0" encoding="UTF-8"?>
<!-- Generated by org.testng.reporters.JUnitReportReporter -->
<testsuite hostname="LAPTOP-28JUCBPA" failures="0" tests="3" name="com.srm.tests.ProductTest" time="7.138" errors="0" timestamp="2026-04-28T21:23:24 IST" skipped="0">
  <testcase classname="com.srm.tests.ProductTest" name="noResultTest" time="2.096"/>
  <testcase classname="com.srm.tests.ProductTest" name="productDetailTest" time="2.705"/>
  <testcase classname="com.srm.tests.ProductTest" name="searchProductTest" time="2.337"/>
</testsuite> <!-- com.srm.tests.ProductTest -->
