<?xml version="1.0" encoding="UTF-8"?>
<!-- Generated by org.testng.reporters.JUnitXMLReporter -->
<testsuite ignored="0" hostname="LAPTOP-28JUCBPA" failures="5" tests="13" name="Ecommerce Tests" time="64.298" errors="0" timestamp="2026-04-28T21:23:24 IST">
  <testcase classname="com.srm.tests.RegisterTest" name="registerUserTest" time="3.053"/>
  <testcase classname="com.srm.tests.LoginTest" name="loginTest" time="1.559"/>
  <testcase classname="com.srm.tests.LoginTest" name="loginTest" time="0.743">
    <failure type="java.lang.AssertionError" message="expected [false] but found [true]">
      <![CDATA[java.lang.AssertionError: expected [false] but found [true]
at com.srm.tests.LoginTest.loginTest(LoginTest.java:31)
at java.base/java.util.ArrayList.forEach(ArrayList.java:1511)
... Removed 34 stack frames]]>
    </failure>
  </testcase> <!-- loginTest -->
  <testcase classname="com.srm.tests.ProductTest" name="noResultTest" time="0.501"/>
  <testcase classname="com.srm.tests.ProductTest" name="productDetailTest" time="0.929"/>
  <testcase classname="com.srm.tests.ProductTest" name="searchProductTest" time="0.473"/>
  <testcase classname="com.srm.tests.CartTest" name="addToCartTest" time="3.186"/>
  <testcase classname="com.srm.tests.CartTest" name="removeCartTest" time="5.738"/>
  <testcase classname="com.srm.tests.CartTest" name="updateCartTest" time="4.219"/>
  <testcase classname="com.srm.tests.CheckoutTest" name="checkoutTest" time="10.595">
    <failure type="org.openqa.selenium.TimeoutException" message="Expected condition failed: waiting for com.srm.utils.WaitUtil$$Lambda$710/0x0000021ecc33e890@9cfc77 (tried for 10 second(s) with 2000 milliseconds interval)">
      <![CDATA[org.openqa.selenium.TimeoutException: Expected condition failed: waiting for com.srm.utils.WaitUtil$$Lambda$710/0x0000021ecc33e890@9cfc77 (tried for 10 second(s) with 2000 milliseconds interval)
at org.openqa.selenium.support.ui.FluentWait.timeoutException(FluentWait.java:265)
at org.openqa.selenium.support.ui.FluentWait.until(FluentWait.java:228)
at com.srm.utils.WaitUtil.waitForElement(WaitUtil.java:22)
at com.srm.base.BasePage.click(BasePage.java:20)
at com.srm.pages.CheckoutPage.continueCheckout(CheckoutPage.java:25)
at com.srm.tests.CheckoutTest.checkoutTest(CheckoutTest.java:16)
at java.base/java.util.ArrayList.forEach(ArrayList.java:1511)
Caused by: org.openqa.selenium.NoSuchElementException: no such element: Unable to locate element: {"method":"css selector","selector":"#button\-payment\-address"}
  (Session info: chrome=147.0.7727.102)
For documentation on this error, please visit: https://www.selenium.dev/documentation/webdriver/troubleshooting/errors#no-such-element-exception
Build info: version: '4.21.0', revision: '79ed462ef4'
System info: os.name: 'Windows 11', os.arch: 'amd64', os.version: '10.0', java.version: '17.0.17'
Driver info: org.openqa.selenium.chrome.ChromeDriver
Command: [d630f57d92843a70d38e49664359d011, findElement {value=button-payment-address, using=id}]
Capabilities {acceptInsecureCerts: false, browserName: chrome, browserVersion: 147.0.7727.102, chrome: {chromedriverVersion: 147.0.7727.117 (474cc805edd..., userDataDir: C:\Users\PUSHAD~1\AppData\L...}, fedcm:accounts: true, goog:chromeOptions: {debuggerAddress: localhost:50140}, goog:processID: 23404, networkConnectionEnabled: false, pageLoadStrategy: normal, platformName: windows, proxy: Proxy(), se:cdp: ws://localhost:50140/devtoo..., se:cdpVersion: 147.0.7727.102, setWindowRect: true, strictFileInteractability: false, timeouts: {implicit: 0, pageLoad: 300000, script: 30000}, unhandledPromptBehavior: dismiss and notify, webauthn:extension:credBlob: true, webauthn:extension:largeBlob: true, webauthn:extension:minPinLength: true, webauthn:extension:prf: true, webauthn:virtualAuthenticators: true}
Session ID: d630f57d92843a70d38e49664359d011
at org.openqa.selenium.remote.ErrorCodec.decode(ErrorCodec.java:167)
at org.openqa.selenium.remote.codec.w3c.W3CHttpResponseCodec.decode(W3CHttpResponseCodec.java:138)
at org.openqa.selenium.remote.codec.w3c.W3CHttpResponseCodec.decode(W3CHttpResponseCodec.java:50)
at org.openqa.selenium.remote.HttpCommandExecutor.execute(HttpCommandExecutor.java:190)
at org.openqa.selenium.remote.service.DriverCommandExecutor.invokeExecute(DriverCommandExecutor.java:216)
at org.openqa.selenium.remote.service.DriverCommandExecutor.execute(DriverCommandExecutor.java:174)
at org.openqa.selenium.remote.RemoteWebDriver.execute(RemoteWebDriver.java:518)
at org.openqa.selenium.remote.ElementLocation$ElementFinder$2.findElement(ElementLocation.java:165)
at org.openqa.selenium.remote.ElementLocation.findElement(ElementLocation.java:59)
at org.openqa.selenium.remote.RemoteWebDriver.findElement(RemoteWebDriver.java:355)
at org.openqa.selenium.remote.RemoteWebDriver.findElement(RemoteWebDriver.java:349)
at com.srm.utils.WaitUtil.lambda$0(WaitUtil.java:22)
at org.openqa.selenium.support.ui.FluentWait.until(FluentWait.java:203)
... 32 more
... Removed 32 stack frames]]>
    </failure>
  </testcase> <!-- checkoutTest -->
  <testcase classname="com.srm.tests.CheckoutTest" name="checkoutWithoutLoginTest" time="0.835">
    <failure type="java.lang.AssertionError" message="expected [true] but found [false]">
      <![CDATA[java.lang.AssertionError: expected [true] but found [false]
at com.srm.tests.CheckoutTest.checkoutWithoutLoginTest(CheckoutTest.java:30)
at java.base/java.util.ArrayList.forEach(ArrayList.java:1511)
... Removed 31 stack frames]]>
    </failure>
  </testcase> <!-- checkoutWithoutLoginTest -->
  <testcase classname="com.srm.tests.ValidationTest" name="emptyFieldValidationTest" time="2.343">
    <failure type="java.lang.AssertionError" message="expected [true] but found [false]">
      <![CDATA[java.lang.AssertionError: expected [true] but found [false]
at com.srm.tests.ValidationTest.emptyFieldValidationTest(ValidationTest.java:19)
at java.base/java.util.ArrayList.forEach(ArrayList.java:1511)
... Removed 31 stack frames]]>
    </failure>
  </testcase> <!-- emptyFieldValidationTest -->
  <testcase classname="com.srm.tests.ValidationTest" name="invalidEmailTest" time="1.379">
    <failure type="java.lang.AssertionError" message="expected [true] but found [false]">
      <![CDATA[java.lang.AssertionError: expected [true] but found [false]
at com.srm.tests.ValidationTest.invalidEmailTest(ValidationTest.java:30)
at java.base/java.util.ArrayList.forEach(ArrayList.java:1511)
... Removed 31 stack frames]]>
    </failure>
  </testcase> <!-- invalidEmailTest -->
</testsuite> <!-- Ecommerce Tests -->
